<?xml version="1.0" encoding="UTF-8"?>
<testsuite name="IntroLabTest" tests="2" skipped="0" failures="0" errors="0" timestamp="2022-09-12T15:45:41" hostname="LAPTOP-Q425K8M3" time="0.022">
  <properties/>
  <testcase name="testExampleStudent" classname="IntroLabTest" time="0.021"/>
  <testcase name="testwushengf" classname="IntroLabTest" time="0.001"/>
  <system-out><![CDATA[]]></system-out>
  <system-err><![CDATA[]]></system-err>
</testsuite>
